SF:lib/custom_webview_controller.dart
DA:31,3
DA:34,2
DA:35,4
DA:36,6
DA:37,6
DA:38,4
DA:41,2
DA:42,2
DA:43,2
DA:44,1
DA:45,3
DA:47,2
DA:48,2
DA:49,1
DA:50,3
DA:52,2
DA:53,1
DA:54,3
DA:56,2
DA:57,1
DA:58,3
DA:60,2
DA:61,2
DA:62,2
DA:63,2
DA:66,5
DA:69,4
DA:71,1
DA:72,1
DA:73,1
DA:74,1
DA:75,2
DA:78,1
DA:79,0
DA:80,0
DA:82,1
DA:83,1
DA:84,3
DA:87,4
DA:93,1
DA:101,2
DA:103,3
DA:111,1
DA:112,4
DA:118,1
DA:124,2
DA:126,3
DA:132,1
DA:133,4
DA:139,2
DA:140,4
DA:142,2
DA:145,4
DA:147,2
DA:149,1
DA:150,4
DA:156,1
DA:157,2
DA:158,2
DA:160,2
DA:162,1
DA:164,0
DA:165,0
DA:171,1
DA:172,2
DA:174,2
DA:175,1
DA:176,4
DA:182,2
DA:183,4
DA:185,4
DA:187,2
DA:189,1
DA:190,4
DA:196,1
DA:197,2
DA:199,2
DA:200,1
DA:201,4
DA:207,1
DA:208,2
DA:210,2
DA:212,1
DA:214,1
DA:215,4
DA:221,1
DA:222,2
DA:224,2
DA:226,1
DA:228,1
DA:229,4
DA:235,1
DA:236,2
DA:238,2
DA:240,1
DA:242,1
DA:243,4
DA:249,1
DA:250,2
DA:252,2
DA:253,1
DA:254,4
DA:260,1
DA:261,2
DA:263,2
DA:264,1
DA:265,4
DA:271,1
DA:272,2
DA:274,2
DA:276,1
DA:278,1
DA:279,4
LF:113
LH:109
end_of_record
SF:lib/custom_webview_plugin.dart
DA:14,1
DA:16,1
DA:17,1
DA:18,4
DA:27,1
DA:59,1
DA:60,1
DA:64,1
DA:67,1
DA:68,2
DA:69,2
DA:70,2
DA:71,2
DA:72,2
DA:73,2
DA:76,2
DA:77,1
DA:79,0
DA:80,0
DA:86,1
DA:87,1
DA:88,1
DA:93,0
DA:94,0
DA:97,2
DA:98,1
DA:99,0
DA:101,1
DA:104,2
DA:105,1
DA:107,0
DA:108,0
DA:115,3
LF:33
LH:26
end_of_record
SF:lib/custom_webview_cookie_manager.dart
DA:8,1
DA:10,1
DA:11,1
DA:12,3
LF:4
LH:4
end_of_record
